n =  10 vertices read
Swapping 9 with 0
Points:
vnum=  9, x=   3, y=  -2, delete=0
vnum=  1, x=   6, y=   5, delete=0
vnum=  2, x=   3, y=   3, delete=0
vnum=  3, x=   0, y=   5, delete=0
vnum=  4, x=  -2, y=   3, delete=0
vnum=  5, x=  -2, y=   2, delete=0
vnum=  6, x=  -5, y=   1, delete=0
vnum=  7, x=   0, y=   0, delete=0
vnum=  8, x=  -3, y=  -2, delete=0
vnum=  0, x=   7, y=   4, delete=0
AreaSign: area2=15
AreaSign: area2=20
AreaSign: area2=42
AreaSign: area2=15
AreaSign: area2=17
AreaSign: area2=-36
AreaSign: area2=-26
AreaSign: area2=12
AreaSign: area2=-46
AreaSign: area2=2
AreaSign: area2=-7
AreaSign: area2=18
AreaSign: area2=-10
AreaSign: area2=47
AreaSign: area2=25
AreaSign: area2=23
AreaSign: area2=5
After sorting, ndelete = 0:
Points:
vnum=  9, x=   3, y=  -2, delete=0
vnum=  0, x=   7, y=   4, delete=0
vnum=  1, x=   6, y=   5, delete=0
vnum=  2, x=   3, y=   3, delete=0
vnum=  3, x=   0, y=   5, delete=0
vnum=  4, x=  -2, y=   3, delete=0
vnum=  5, x=  -2, y=   2, delete=0
vnum=  7, x=   0, y=   0, delete=0
vnum=  6, x=  -5, y=   1, delete=0
vnum=  8, x=  -3, y=  -2, delete=0
Stack at top of while loop, i=2, vnum=1:
vnum=0	x=7	y=4
vnum=9	x=3	y=-2
AreaSign: area2=10
Stack at bot of while loop, i=3, vnum=2:
vnum=1	x=6	y=5
vnum=0	x=7	y=4
vnum=9	x=3	y=-2

Stack at top of while loop, i=3, vnum=2:
vnum=1	x=6	y=5
vnum=0	x=7	y=4
vnum=9	x=3	y=-2
AreaSign: area2=5
Stack at bot of while loop, i=4, vnum=3:
vnum=2	x=3	y=3
vnum=1	x=6	y=5
vnum=0	x=7	y=4
vnum=9	x=3	y=-2

Stack at top of while loop, i=4, vnum=3:
vnum=2	x=3	y=3
vnum=1	x=6	y=5
vnum=0	x=7	y=4
vnum=9	x=3	y=-2
AreaSign: area2=-12
Stack at bot of while loop, i=4, vnum=3:
vnum=1	x=6	y=5
vnum=0	x=7	y=4
vnum=9	x=3	y=-2

Stack at top of while loop, i=4, vnum=3:
vnum=1	x=6	y=5
vnum=0	x=7	y=4
vnum=9	x=3	y=-2
AreaSign: area2=6
Stack at bot of while loop, i=5, vnum=4:
vnum=3	x=0	y=5
vnum=1	x=6	y=5
vnum=0	x=7	y=4
vnum=9	x=3	y=-2

Stack at top of while loop, i=5, vnum=4:
vnum=3	x=0	y=5
vnum=1	x=6	y=5
vnum=0	x=7	y=4
vnum=9	x=3	y=-2
AreaSign: area2=12
Stack at bot of while loop, i=6, vnum=5:
vnum=4	x=-2	y=3
vnum=3	x=0	y=5
vnum=1	x=6	y=5
vnum=0	x=7	y=4
vnum=9	x=3	y=-2

Stack at top of while loop, i=6, vnum=5:
vnum=4	x=-2	y=3
vnum=3	x=0	y=5
vnum=1	x=6	y=5
vnum=0	x=7	y=4
vnum=9	x=3	y=-2
AreaSign: area2=2
Stack at bot of while loop, i=7, vnum=7:
vnum=5	x=-2	y=2
vnum=4	x=-2	y=3
vnum=3	x=0	y=5
vnum=1	x=6	y=5
vnum=0	x=7	y=4
vnum=9	x=3	y=-2

Stack at top of while loop, i=7, vnum=7:
vnum=5	x=-2	y=2
vnum=4	x=-2	y=3
vnum=3	x=0	y=5
vnum=1	x=6	y=5
vnum=0	x=7	y=4
vnum=9	x=3	y=-2
AreaSign: area2=2
Stack at bot of while loop, i=8, vnum=6:
vnum=7	x=0	y=0
vnum=5	x=-2	y=2
vnum=4	x=-2	y=3
vnum=3	x=0	y=5
vnum=1	x=6	y=5
vnum=0	x=7	y=4
vnum=9	x=3	y=-2

Stack at top of while loop, i=8, vnum=6:
vnum=7	x=0	y=0
vnum=5	x=-2	y=2
vnum=4	x=-2	y=3
vnum=3	x=0	y=5
vnum=1	x=6	y=5
vnum=0	x=7	y=4
vnum=9	x=3	y=-2
AreaSign: area2=-8
Stack at bot of while loop, i=8, vnum=6:
vnum=5	x=-2	y=2
vnum=4	x=-2	y=3
vnum=3	x=0	y=5
vnum=1	x=6	y=5
vnum=0	x=7	y=4
vnum=9	x=3	y=-2

Stack at top of while loop, i=8, vnum=6:
vnum=5	x=-2	y=2
vnum=4	x=-2	y=3
vnum=3	x=0	y=5
vnum=1	x=6	y=5
vnum=0	x=7	y=4
vnum=9	x=3	y=-2
AreaSign: area2=-3
Stack at bot of while loop, i=8, vnum=6:
vnum=4	x=-2	y=3
vnum=3	x=0	y=5
vnum=1	x=6	y=5
vnum=0	x=7	y=4
vnum=9	x=3	y=-2

Stack at top of while loop, i=8, vnum=6:
vnum=4	x=-2	y=3
vnum=3	x=0	y=5
vnum=1	x=6	y=5
vnum=0	x=7	y=4
vnum=9	x=3	y=-2
AreaSign: area2=-2
Stack at bot of while loop, i=8, vnum=6:
vnum=3	x=0	y=5
vnum=1	x=6	y=5
vnum=0	x=7	y=4
vnum=9	x=3	y=-2

Stack at top of while loop, i=8, vnum=6:
vnum=3	x=0	y=5
vnum=1	x=6	y=5
vnum=0	x=7	y=4
vnum=9	x=3	y=-2
AreaSign: area2=24
Stack at bot of while loop, i=9, vnum=8:
vnum=6	x=-5	y=1
vnum=3	x=0	y=5
vnum=1	x=6	y=5
vnum=0	x=7	y=4
vnum=9	x=3	y=-2

Stack at top of while loop, i=9, vnum=8:
vnum=6	x=-5	y=1
vnum=3	x=0	y=5
vnum=1	x=6	y=5
vnum=0	x=7	y=4
vnum=9	x=3	y=-2
AreaSign: area2=23
Stack at bot of while loop, i=10, vnum=0:
vnum=8	x=-3	y=-2
vnum=6	x=-5	y=1
vnum=3	x=0	y=5
vnum=1	x=6	y=5
vnum=0	x=7	y=4
vnum=9	x=3	y=-2

Hull:
vnum=8	x=-3	y=-2
vnum=6	x=-5	y=1
vnum=3	x=0	y=5
vnum=1	x=6	y=5
vnum=0	x=7	y=4
vnum=9	x=3	y=-2
%!PS
%%Creator: graham.c (Joseph O'Rourke)
%%BoundingBox: -5 -2 7 5
%%EndComments
.00 .00 setlinewidth
77 74 translate
newpath

%Points:
3	-2	1  0  360	arc	stroke
7	4	1  0  360	arc	stroke
6	5	1  0  360	arc	stroke
3	3	1  0  360	arc	stroke
0	5	1  0  360	arc	stroke
-2	3	1  0  360	arc	stroke
-2	2	1  0  360	arc	stroke
0	0	1  0  360	arc	stroke
-5	1	1  0  360	arc	stroke
-3	-2	1  0  360	arc	stroke
closepath

%Hull:
newpath
-3	-2	moveto
-3	-2	lineto
-5	1	lineto
0	5	lineto
6	5	lineto
7	4	lineto
3	-2	lineto
closepath stroke
showpage
%%EOF
