32973 32981
8939 8942
33253 33267
12118 12126
39002 39009
8964 8985
26125 26133
43248 43264
36854 36864
10784 10801
39852 39858
22363 22378
27126 27152
30570 30575
2631 2648
26551 26565
33476 33495
20583 20597
25490 25500
18928 18931
9303 9316
43374 43389
34091 34095
32003 32013
41757 41774
35648 35651
26047 26051
45275 45279
38288 38297
6214 6221
12590 12595
21260 21274
31509 31511
45844 45853
49741 49747
36867 36872
21177 21183
42228 42231
30125 30138
24390 24395
3020 3035
36331 36341
46762 46765
46518 46535
16902 16912
15748 15752
39432 39438
16740 16743
36334 36341
31276 31293
35670 35673
45635 45643
24667 24682
36116 36127
43992 44005
16433 16444
21762 21774
20050 20060
28062 28073
10044 10061
42613 42623
7005 7017
47679 47686
24107 24132
2858 2861
13772 13788
27348 27353
40382 40389
5994 6008
7476 7483
14778 14780
9030 9034
43806 43819
27892 27908
21900 21913
27070 27076
43644 43648
11322 11346
43806 43819
46326 46338
42613 42633
45827 45836
8320 8334
17290 17302
48301 48304
2320 2330
77 86
20064 20067
38729 38736
44493 44501
46473 46480
31333 31353
1489 1511
44143 44162
21831 21836
20706 20720
24285 24299
49179 49184
27435 27465
30289 30297
23009 23014
42228 42231
5672 5679
16822 16827
36459 36477
27577 27591
10242 10248
46468 46473
38914 38927
4057 4066
9148 9167
31532 31558
16241 16251
17477 17480
15178 15188
14543 14553
36137 36161
31612 31626
959 968
24875 24886
26107 26111
47436 47442
22584 22591
43949 43969
7943 7950
44409 44421
14674 14677
32228 32236
9940 9955
42124 42127
28870 28882
32962 32973
696 716
34556 34558
16128 16141
3531 3540
12134 12142
26373 26387
16347 16358
17405 17417
46783 46801
25505 25528
48949 48959
29387 29391
9337 9350
30486 30488
43932 43938
11846 11855
12089 12109
11243 11252
3083 3089
38205 38216
25036 25041
25666 25674
48525 48543
32982 32991
36438 36444
13199 13202
31558 31576
46388 46392
21666 21684
10449 10454
29350 29355
38729 38738
11355 11360
11834 11845
42258 42271
23495 23498
38216 38231
24972 24984
40895 40911
35020 35024
481 492
6203 6210
14411 14415
26177 26183
36689 36698
24693 24701
38027 38034
15136 15147
35942 35956
41102 41115
19708 19714
27329 27342
33126 33136
18230 18243
10317 10321
19572 19579
31433 31440
8240 8248
15960 15977
19461 19466
35033 35047
11660 11670
8194 8203
46398 46405
23509 23519
16820 16822
19897 19901
28081 28095
41793 41799
27152 27164
13102 13115
8635 8639
33356 33363
43866 43875
34806 34821
36398 36405
34915 34925
39181 39199
1539 1562
37192 37223
46655 46667
21255 21259
14553 14557
29793 29805
39488 39499
41222 41231
49366 49391
37271 37283
49458 49467
31678 31686
6730 6752
34504 34510
9701 9709
14943 14948
30907 30911
33202 33222
48116 48118
17156 17163
27645 27657
39911 39920
44310 44318
40756 40763
48548 48551
44020 44038
974 990
49716 49722
30425 30431
2254 2270
5257 5271
48320 48368
39465 39488
1921 1926
19579 19602
4028 4034
48065 48077
25421 25429
45253 45255
47435 47442
12704 12717
11068 11071
45468 45473
35788 35806
45568 45589
5172 5178
17085 17104
42834 42845
4722 4747
15209 15216
9982 9998
32371 32392
5123 5131
4296 4306
39499 39510
20022 20029
48320 48368
6833 6842
36096 36099
45099 45103
9087 9096
41359 41369
43419 43428
48562 48582
9626 9639
29359 29367
18947 18955
7702 7704
4783 4792
30556 30561
21472 21492
33848 33854
41627 41633
16955 16962
19638 19653
3554 3560
38479 38504
36736 36752
46392 46398
9564 9576
18313 18316
22732 22744
41957 41968
39786 39793
43389 43397
47806 47811
26168 26175
41712 41715
4634 4653
12267 12276
3139 3172
13730 13747
19973 19980
12941 12957
28654 28666
45954 45973
42305 42312
47610 47623
3666 3670
13447 13453
28173 28188
41501 41513
47295 47301
19788 19806
24817 24823
33294 33304
39696 39717
13293 13306
36395 36405
2449 2467
39225 39231
21055 21076
25192 25196
31186 31189
10853 10856
18582 18593
45343 45356
37017 37029
26636 26651
49992 50000
15622 15647
29805 29818
13730 13747
1966 1979
9107 9114
42397 42401
47939 47950
1416 1420
6366 6370
1598 1613
31214 31226
34531 34545
9465 9470
44863 44898
20697 20706
34277 34295
28157 28167
26759 26772
13933 13945
30911 30918
29214 29242
3139 3172
1966 1979
4409 4434
696 716
12828 12831
22996 23008
46047 46063
16199 16210
49635 49654
46047 46063
31849 31858
45811 45815
26133 26150
177 183
4922 4925
34886 34892
48116 48118
22680 22698
41252 41256
16071 16078
3907 3914
42129 42151
25539 25545
48770 48777
29199 29207
26175 26180
43287 43297
5955 5965
40112 40127
24203 24207
35179 35186
43287 43292
42531 42537
5945 5952
10350 10359
5357 5365
28947 28958
6392 6421
37913 37929
44940 44950
18812 18831
36116 36127
40756 40763
11300 11306
36299 36305
12028 12046
46189 46194
34410 34418
34720 34749
3789 3802
488 492
4986 4999
12292 12307
42377 42381
3747 3771
41491 41498
18553 18564
47048 47064
13809 13816
8670 8689
37607 37616
48996 49010
18313 18317
30138 30149
4946 4954
45015 45030
1852 1856
237 249
1423 1428
39770 39775
45189 45194
20228 20249
25894 25900
2297 2318
31532 31558
28542 28553
30681 30686
44082 44086
12957 12964
31754 31771
14226 14235
29793 29805
36736 36752
26528 26532
38531 38537
40509 40512
34376 34382
7085 7092
3914 3922
48186 48195
32115 32127
7871 7913
13527 13540
16777 16791
38008 38027
34834 34849
11798 11811
6221 6230
35068 35084
13227 13230
12346 12349
46622 46625
49815 49826
38237 38244
15275 15277
47711 47714
33138 33148
45954 45973
8134 8151
12450 12454
27718 27723
22378 22384
42250 42258
14464 14469
48906 48913
30780 30795
21327 21338
49635 49646
4227 4233
41591 41596
47811 47824
36343 36345
15819 15822
11355 11360
19466 19482
3830 3839
12541 12546
31276 31293
26405 26414
47623 47627
10858 10863
38749 38759
10593 10604
10677 10685
43340 43352
25871 25878
24737 24744
26481 26498
38180 38205
32888 32891
38939 38942
15893 15908
5264 5271
47541 47548
46721 46731
20526 20530
44664 44686
34400 34408
20161 20163
48908 48913
42338 42351
17979 17999
1598 1613
8160 8186
45691 45699
21080 21105
28344 28365
8237 8240
18712 18716
4750 4768
22214 22220
29572 29575
43520 43528
32813 32817
6590 6623
3218 3228
25036 25041
31333 31353
29707 29709
13213 13227
30581 30585
18644 18654
45473 45494
35850 35858
32540 32547
42187 42207
22723 22732
27217 27231
42954 42961
42890 42895
26133 26150
1657 1663
27217 27231
27740 27748
9822 9828
39270 39277
15177 15185
38180 38186
13859 13867
33891 33899
9299 9303
36077 36088
13453 13469
19170 19181
35240 35246
36417 36424
22391 22395
10281 10291
17761 17764
2098 2110
23505 23509
14692 14699
37095 37134
35337 35343
548 559
35983 35998
27541 27543
39629 39632
13213 13225
36837 36854
32515 32527
39355 39380
38506 38516
26099 26103
33444 33459
14687 14689
15368 15375
14978 14984
19220 19228
29214 29242
48861 48878
28520 28531
31660 31667
28688 28699
47696 47711
16902 16912
31453 31465
36438 36444
43528 43542
15569 15576
4885 4896
33394 33401
30268 30277
8345 8351
18733 18736
30820 30825
44338 44351
12626 12638
36792 36806
7561 7577
49476 49481
19303 19330
13269 13282
4335 4347
11756 11780
13071 13075
19024 19047
27147 27152
28040 28062
38249 38258
22732 22744
43276 43287
33122 33126
4401 4404
38317 38325
30820 30825
37656 37671
19780 19788
33612 33616
31199 31202
35354 35369
38506 38516
14588 14601
15622 15647
46854 46860
33332 33336
12781 12816
7545 7560
45954 45973
49601 49605
15105 15114
11785 11795
35274 35283
44728 44736
16128 16139
47048 47064
7803 7807
1489 1511
40551 40577
35850 35858
39757 39762
13282 13293
45473 45494
22875 22914
34042 34046
33799 33813
20050 20060
21699 21709
19936 19944
3666 3675
19246 19267
5289 5299
8528 8533
33848 33855
37271 37283
21720 21754
33536 33539
16414 16431
29282 29287
45844 45853
16021 16038
44387 44394
7622 7664
17652 17665
5449 5477
23756 23771
14705 14728
13269 13282
25271 25280
5257 5264
15475 15488
31386 31390
34894 34902
10971 10973
20619 20624
18940 18947
11124 11134
40674 40678
6995 7001
31051 31084
10696 10699
26236 26260
2711 2719
35575 35583
26450 26461
6324 6338
7313 7317
26349 26354
22747 22758
36597 36606
22181 22206
5131 5139
47339 47348
29837 29840
22781 22790
2808 2821
19944 19960
3840 3845
16090 16092
11581 11590
25450 25456
47919 47935
42963 42988
10350 10359
8897 8899
29944 29949
45643 45649
20022 20029
36970 36987
18995 19002
17444 17456
47664 47679
11595 11606
36508 36517
33251 33267
38059 38065
42834 42845
6913 6921
30762 30768
31950 31957
43513 43520
2948 2967
37083 37090
7199 7212
32791 32813
26214 26226
10022 10033
19103 19112
30051 30070
42458 42468
30692 30696
21863 21868
40389 40412
39999 40020
48562 48582
15622 15647
19960 19970
44212 44223
2014 2022
23288 23302
29558 29572
19466 19482
20966 20969
41154 41166
22323 22329
20560 20580
45568 45589
15170 15177
43841 43843
26337 26349
47119 47127
37352 37361
29294 29303
549 564
10919 10932
28446 28454
26777 26790
20944 20949
47551 47560
6837 6843
29754 29765
44597 44608
28699 28710
36482 36508
34617 34621
27270 27278
2143 2157
20928 20944
37837 37843
4165 4175
44226 44232
17401 17405
39987 39989
31532 31558
24909 24924
12313 12318
18452 18472
20491 20504
43833 43840
12307 12313
13181 13185
40957 40966
16016 16021
8830 8847
7864 7871
26938 26940
3624 3634
34638 34658
14232 14237
1180 1188
7830 7848
10340 10350
12134 12138
2898 2904
46855 46860
46749 46760
30174 30181
48996 49010
34027 34042
34365 34376
19521 19529
44612 44624
18115 18125
9507 9518
26158 26168
9388 9400
38170 38180
10978 10987
46237 46245
32013 32026
23288 23302
9415 9423
39322 39335
5644 5672
34605 34609
47194 47196
48949 48959
38237 38244
31843 31849
13185 13191
39424 39432
39684 39686
23529 23553
17913 17920
8932 8939
36736 36752
31016 31026
39107 39113
2098 2102
15056 15071
39827 39833
21618 21627
9668 9689
24301 24309
47487 47492
2193 2199
33698 33713
2014 2022
13178 13185
29934 29940
34027 34041
2822 2845
39355 39380
23353 23371
24837 24847
23954 23973
36901 36904
23794 23799
12199 12205
35095 35100
36970 36987
17979 17999
41127 41136
26871 26878
35886 35901
70 77
13615 13620
33253 33267
5530 5544
32067 32078
48320 48368
45360 45368
20036 20050
24343 24355
19667 19680
33880 33888
42900 42905
3363 3372
35886 35913
6062 6084
33305 33313
19917 19934
25257 25261
39009 39015
9639 9644
94 102
29326 29332
12892 12901
23891 23897
7876 7913
47985 48008
27217 27231
42207 42215
39124 39132
4097 4101
44456 44481
39181 39199
34065 34076
27718 27723
44728 44736
32483 32490
26041 26047
6447 6452
2526 2532
16749 16753
42468 42483
36407 36417
9645 9659
45839 45844
22310 22321
32082 32103
45494 45501
8582 8608
23691 23694
851 867
34587 34600
23775 23794
46540 46548
47477 47483
14033 14037
4409 4434
45468 45494
41257 41273
46631 46641
948 959
11697 11722
41092 41100
6488 6507
12130 12134
18812 18831
17566 17585
44612 44624
11212 11234
24024 24043
13502 13507
44310 44318
16489 16501
49910 49917
20317 20324
28681 28699
38574 38585
2396 2402
40533 40539
47175 47182
26089 26092
7726 7753
31754 31771
16227 16238
4288 4296
45595 45601
46610 46620
8717 8742
7418 7426
4227 4233
21710 21716
8370 8380
15944 15951
29154 29162
14866 14873
44425 44433
14330 14334
48790 48815
5384 5405
25539 25551
39170 39176
18900 18904
36211 36215
22019 22027
35156 35179
6528 6535
696 716
40096 40106
25280 25288
7581 7600
37271 37283
17702 17730
31697 31712
35390 35410
303 308
35983 35998
30981 31002
46924 46937
11065 11068
4768 4777
1156 1159
49122 49135
13119 13143
33444 33459
28288 28306
44351 44363
44232 44235
42613 42623
43152 43170
49629 49646
34510 34518
48683 48687
34886 34892
20726 20733
20706 20720
36407 36414
43605 43611
37760 37769
26509 26515
18888 18900
45360 45368
30138 30149
36609 36626
43411 43428
31885 31903
36912 36920
29410 29420
12888 12901
186 207
6821 6837
17652 17665
1349 1353
22310 22321
47147 47161
34802 34805
